<?xml version="1.0" encoding="UTF-8"?>
<testsuite xmlns:xsi="http://www.w3.org/2001/XMLSchema-instance" xsi:noNamespaceSchemaLocation="https://maven.apache.org/surefire/maven-surefire-plugin/xsd/surefire-test-report.xsd" version="3.0.2" name="com.example.car_rent.CarRentApplicationTests" time="4.932" tests="1" errors="0" skipped="0" failures="0">
  <properties>
[...]
</properties>
  <testcase name="contextLoads" classname="com.example.car_rent.CarRentApplicationTests" time="0.383">
    <system-out><![CDATA[09:41:19.458 [main] INFO org.springframework.test.context.support.AnnotationConfigContextLoaderUtils -- Could not detect default configuration classes for test class [com.example.car_rent.CarRentApplicationTests]: CarRentApplicationTests does not declare any static, non-private, non-final, nested classes annotated with @Configuration.
09:41:19.565 [main] INFO org.springframework.boot.test.context.SpringBootTestContextBootstrapper -- Found @SpringBootConfiguration com.example.car_rent.CarRentApplication for test class com.example.car_rent.CarRentApplicationTests
09:41:19.717 [main] INFO org.springframework.boot.devtools.restart.RestartApplicationListener -- Restart disabled due to context in which it is running

  .   ____          _            __ _ _
 /\\ / ___'_ __ _ _(_)_ __  __ _ \ \ \ \
( ( )\___ | '_ | '_| | '_ \/ _` | \ \ \ \
 \\/  ___)| |_)| | | | | || (_| |  ) ) ) )
  '  |____| .__|_| |_|_| |_\__, | / / / /
 =========|_|==============|___/=/_/_/_/

 :: Spring Boot ::                (v3.4.4)

2025-04-16T09:41:19.931+03:00  INFO 10536 --- [car-rent] [           main] c.e.car_rent.CarRentApplicationTests     : Starting CarRentApplicationTests using Java 21.0.2 with PID 10536 (started by Bozhidar in C:\Users\Bozhidar\IdeaProjects\car-rent-rest-api-server)
2025-04-16T09:41:19.932+03:00  INFO 10536 --- [car-rent] [           main] c.e.car_rent.CarRentApplicationTests     : No active profile set, falling back to 1 default profile: "default"
2025-04-16T09:41:20.493+03:00  INFO 10536 --- [car-rent] [           main] .s.d.r.c.RepositoryConfigurationDelegate : Bootstrapping Spring Data JPA repositories in DEFAULT mode.
2025-04-16T09:41:20.551+03:00  INFO 10536 --- [car-rent] [           main] .s.d.r.c.RepositoryConfigurationDelegate : Finished Spring Data repository scanning in 48 ms. Found 3 JPA repository interfaces.
2025-04-16T09:41:20.996+03:00  INFO 10536 --- [car-rent] [           main] com.zaxxer.hikari.HikariDataSource       : HikariPool-1 - Starting...
2025-04-16T09:41:21.196+03:00  INFO 10536 --- [car-rent] [           main] com.zaxxer.hikari.pool.HikariPool        : HikariPool-1 - Added connection conn0: url=jdbc:h2:file:./rentacar_db user=SA
2025-04-16T09:41:21.198+03:00  INFO 10536 --- [car-rent] [           main] com.zaxxer.hikari.HikariDataSource       : HikariPool-1 - Start completed.
2025-04-16T09:41:21.229+03:00  INFO 10536 --- [car-rent] [           main] org.flywaydb.core.FlywayExecutor         : Database: jdbc:h2:file:./rentacar_db (H2 2.3)
2025-04-16T09:41:21.234+03:00  WARN 10536 --- [car-rent] [           main] o.f.c.internal.database.base.Database    : Flyway upgrade recommended: H2 2.3.232 is newer than this version of Flyway and support has not been tested. The latest supported version of H2 is 2.2.224.
2025-04-16T09:41:21.262+03:00  INFO 10536 --- [car-rent] [           main] o.f.core.internal.command.DbValidate     : Successfully validated 1 migration (execution time 00:00.020s)
2025-04-16T09:41:21.271+03:00  INFO 10536 --- [car-rent] [           main] o.f.core.internal.command.DbMigrate      : Current version of schema "PUBLIC": 1
2025-04-16T09:41:21.274+03:00  INFO 10536 --- [car-rent] [           main] o.f.core.internal.command.DbMigrate      : Schema "PUBLIC" is up to date. No migration necessary.
2025-04-16T09:41:21.419+03:00  INFO 10536 --- [car-rent] [           main] o.hibernate.jpa.internal.util.LogHelper  : HHH000204: Processing PersistenceUnitInfo [name: default]
2025-04-16T09:41:21.480+03:00  INFO 10536 --- [car-rent] [           main] org.hibernate.Version                    : HHH000412: Hibernate ORM core version 6.6.11.Final
2025-04-16T09:41:21.512+03:00  INFO 10536 --- [car-rent] [           main] o.h.c.internal.RegionFactoryInitiator    : HHH000026: Second-level cache disabled
2025-04-16T09:41:21.800+03:00  INFO 10536 --- [car-rent] [           main] o.s.o.j.p.SpringPersistenceUnitInfo      : No LoadTimeWeaver setup: ignoring JPA class transformer
2025-04-16T09:41:21.859+03:00  INFO 10536 --- [car-rent] [           main] org.hibernate.orm.connections.pooling    : HHH10001005: Database info:
	Database JDBC URL [Connecting through datasource 'HikariDataSource (HikariPool-1)']
	Database driver: undefined/unknown
	Database version: 2.3.232
	Autocommit mode: undefined/unknown
	Isolation level: undefined/unknown
	Minimum pool size: undefined/unknown
	Maximum pool size: undefined/unknown
2025-04-16T09:41:22.478+03:00  INFO 10536 --- [car-rent] [           main] o.h.e.t.j.p.i.JtaPlatformInitiator       : HHH000489: No JTA platform available (set 'hibernate.transaction.jta.platform' to enable JTA platform integration)
2025-04-16T09:41:22.480+03:00  INFO 10536 --- [car-rent] [           main] j.LocalContainerEntityManagerFactoryBean : Initialized JPA EntityManagerFactory for persistence unit 'default'
2025-04-16T09:41:22.744+03:00  INFO 10536 --- [car-rent] [           main] o.s.d.j.r.query.QueryEnhancerFactory     : Hibernate is in classpath; If applicable, HQL parser will be used.
2025-04-16T09:41:23.503+03:00  WARN 10536 --- [car-rent] [           main] JpaBaseConfiguration$JpaWebConfiguration : spring.jpa.open-in-view is enabled by default. Therefore, database queries may be performed during view rendering. Explicitly configure spring.jpa.open-in-view to disable this warning
2025-04-16T09:41:23.802+03:00  INFO 10536 --- [car-rent] [           main] o.s.b.a.h2.H2ConsoleAutoConfiguration    : H2 console available at '/h2-console'. Database available at 'jdbc:h2:file:./rentacar_db'
2025-04-16T09:41:23.870+03:00  INFO 10536 --- [car-rent] [           main] c.e.car_rent.CarRentApplicationTests     : Started CarRentApplicationTests in 4.165 seconds (process running for 4.949)
]]></system-out>
    <system-err><![CDATA[Mockito is currently self-attaching to enable the inline-mock-maker. This will no longer work in future releases of the JDK. Please add Mockito as an agent to your build what is described in Mockito's documentation: https://javadoc.io/doc/org.mockito/mockito-core/latest/org/mockito/Mockito.html#0.3
WARNING: A Java agent has been loaded dynamically (C:\Users\Bozhidar\.m2\repository\net\bytebuddy\byte-buddy-agent\1.15.11\byte-buddy-agent-1.15.11.jar)
WARNING: If a serviceability tool is in use, please run with -XX:+EnableDynamicAgentLoading to hide this warning
WARNING: If a serviceability tool is not in use, please run with -Djdk.instrument.traceUsage for more information
WARNING: Dynamic loading of agents will be disallowed by default in a future release
]]></system-err>
  </testcase>
</testsuite>